<?xml version="1.0" encoding="UTF-8"?>
<testng-results ignored="0" total="2" passed="2" failed="0" skipped="0">
  <reporter-output>
  </reporter-output>
  <suite started-at="2020-09-24T21:18:48 IST" name="Default suite" finished-at="2020-09-24T21:18:48 IST" duration-ms="122">
    <groups>
    </groups>
    <test started-at="2020-09-24T21:18:48 IST" name="Default test" finished-at="2020-09-24T21:18:48 IST" duration-ms="122">
      <class name="PractiseMode.MavenJob.FirstTest">
        <test-method signature="test1()[pri:0, instance:PractiseMode.MavenJob.FirstTest@11c9af63]" started-at="2020-09-24T21:18:48 IST" name="test1" finished-at="2020-09-24T21:18:48 IST" duration-ms="12" status="PASS">
          <reporter-output>
          </reporter-output>
        </test-method> <!-- test1 -->
        <test-method signature="test2()[pri:0, instance:PractiseMode.MavenJob.FirstTest@11c9af63]" started-at="2020-09-24T21:18:48 IST" name="test2" finished-at="2020-09-24T21:18:48 IST" duration-ms="0" status="PASS">
          <reporter-output>
          </reporter-output>
        </test-method> <!-- test2 -->
      </class> <!-- PractiseMode.MavenJob.FirstTest -->
    </test> <!-- Default test -->
  </suite> <!-- Default suite -->
</testng-results>
